<html>
<head>
<title>TestNG:  Test</title>
<link href="../testng.css" rel="stylesheet" type="text/css" />
<link href="../my-testng.css" rel="stylesheet" type="text/css" />

<style type="text/css">
.log { display: none;} 
.stack-trace { display: none;} 
</style>
<script type="text/javascript">
<!--
function flip(e) {
  current = e.style.display;
  if (current == 'block') {
    e.style.display = 'none';
    return 0;
  }
  else {
    e.style.display = 'block';
    return 1;
  }
}

function toggleBox(szDivId, elem, msg1, msg2)
{
  var res = -1;  if (document.getElementById) {
    res = flip(document.getElementById(szDivId));
  }
  else if (document.all) {
    // this is the way old msie versions work
    res = flip(document.all[szDivId]);
  }
  if(elem) {
    if(res == 0) elem.innerHTML = msg1; else elem.innerHTML = msg2;
  }

}

function toggleAllBoxes() {
  if (document.getElementsByTagName) {
    d = document.getElementsByTagName('div');
    for (i = 0; i < d.length; i++) {
      if (d[i].className == 'log') {
        flip(d[i]);
      }
    }
  }
}

// -->
</script>

</head>
<body>
<h2 align='center'>Test</h2><table border='1' align="center">
<tr>
<td>Tests passed/Failed/Skipped:</td><td>34/4/0</td>
</tr><tr>
<td>Started on:</td><td>Mon Dec 30 02:29:51 IST 2024</td>
</tr>
<tr><td>Total time:</td><td>789 seconds (789953 ms)</td>
</tr><tr>
<td>Included groups:</td><td></td>
</tr><tr>
<td>Excluded groups:</td><td></td>
</tr>
</table><p/>
<small><i>(Hover the method name to see the test class name)</i></small><p/>
<table width='100%' border='1' class='invocation-failed'>
<tr><td colspan='4' align='center'><b>FAILED TESTS</b></td></tr>
<tr><td><b>Test method</b></td>
<td width="30%"><b>Exception</b></td>
<td width="10%"><b>Time (seconds)</b></td>
<td><b>Instance</b></td>
</tr>
<tr>
<td title='test.TC_001_SignUpTest.SignUpTest()'><b>SignUpTest</b><br>Test class: test.TC_001_SignUpTest<br>Parameters: EzhilParivallal, Eli@1793, Eli@1793, Mitra Naveen, ezhilparivallal1218@gmail.com, Yes, negative, This username is already available</td>
<td><div><pre>org.openqa.selenium.NoSuchElementException: no such element: Unable to locate element: {&quot;method&quot;:&quot;xpath&quot;,&quot;selector&quot;:&quot;//label[text()=&apos;This username is already available&apos;]&quot;}
  (Session info: chrome=131.0.6778.205)
For documentation on this error, please visit: https://www.selenium.dev/documentation/webdriver/troubleshooting/errors#no-such-element-exception
Build info: version: &apos;4.25.0&apos;, revision: &apos;8a8aea2337&apos;
System info: os.name: &apos;Windows 11&apos;, os.arch: &apos;amd64&apos;, os.version: &apos;10.0&apos;, java.version: &apos;22.0.2&apos;
Driver info: org.openqa.selenium.chrome.ChromeDriver
Command: [4f6308b66467e0eff02d43384cb958e6, findElement {using=xpath, value=//label[text()=&apos;This username is already available&apos;]}]
Capabilities {acceptInsecureCerts: false, browserName: chrome, browserVersion: 131.0.6778.205, chrome: {chromedriverVersion: 131.0.6778.204 (52183f9e99a..., userDataDir: C:\Users\ezhil\AppData\Loca...}, fedcm:accounts: true, goog:chromeOptions: {debuggerAddress: localhost:64776}, networkConnectionEnabled: false, pageLoadStrategy: normal, platformName: windows, proxy: Proxy(), se:cdp: ws://localhost:64776/devtoo..., se:cdpVersion: 131.0.6778.205, setWindowRect: true, strictFileInteractability: false, timeouts: {implicit: 0, pageLoad: 300000, script: 30000}, unhandledPromptBehavior: dismiss and notify, webauthn:extension:credBlob: true, webauthn:extension:largeBlob: true, webauthn:extension:minPinLength: true, webauthn:extension:prf: true, webauthn:virtualAuthenticators: true}
Session ID: 4f6308b66467e0eff02d43384cb958e6
	at org.openqa.selenium.remote.ErrorCodec.decode(ErrorCodec.java:167)
	at org.openqa.selenium.remote.codec.w3c.W3CHttpResponseCodec.decode(W3CHttpResponseCodec.java:138)
	at org.openqa.selenium.remote.codec.w3c.W3CHttpResponseCodec.decode(W3CHttpResponseCodec.java:50)
	at org.openqa.selenium.remote.HttpCommandExecutor.execute(HttpCommandExecutor.java:190)
	at org.openqa.selenium.remote.service.DriverCommandExecutor.invokeExecute(DriverCommandExecutor.java:216)
	at org.openqa.selenium.remote.service.DriverCommandExecutor.execute(DriverCommandExecutor.java:174)
	at org.openqa.selenium.remote.RemoteWebDriver.execute(RemoteWebDriver.java:545)
	at org.openqa.selenium.remote.ElementLocation$ElementFinder$2.findElement(ElementLocation.java:165)
	at org.openqa.selenium.remote.ElementLocation.findElement(ElementLocation.java:59)
	at org.openqa.selenium.remote.RemoteWebDriver.findElement(RemoteWebDriver.java:368)
	at org.openqa.selenium.remote.RemoteWebDriver.findElement(RemoteWebDriver.java:362)
	at pages.RegisterPage.validateRegister(RegisterPage.java:76)
	at test.TC_001_SignUpTest.SignUpTest(TC_001_SignUpTest.java:34)
	at java.base/java.util.ArrayList.forEach(ArrayList.java:1597)
... Removed 28 stack frames</pre></div><a href='#' onClick='toggleBox("stack-trace1559783274", this, "Click to show all stack frames", "Click to hide stack frames")'>Click to show all stack frames</a>
<div class='stack-trace' id='stack-trace1559783274'><pre>org.openqa.selenium.NoSuchElementException: no such element: Unable to locate element: {&quot;method&quot;:&quot;xpath&quot;,&quot;selector&quot;:&quot;//label[text()=&apos;This username is already available&apos;]&quot;}
  (Session info: chrome=131.0.6778.205)
For documentation on this error, please visit: https://www.selenium.dev/documentation/webdriver/troubleshooting/errors#no-such-element-exception
Build info: version: &apos;4.25.0&apos;, revision: &apos;8a8aea2337&apos;
System info: os.name: &apos;Windows 11&apos;, os.arch: &apos;amd64&apos;, os.version: &apos;10.0&apos;, java.version: &apos;22.0.2&apos;
Driver info: org.openqa.selenium.chrome.ChromeDriver
Command: [4f6308b66467e0eff02d43384cb958e6, findElement {using=xpath, value=//label[text()=&apos;This username is already available&apos;]}]
Capabilities {acceptInsecureCerts: false, browserName: chrome, browserVersion: 131.0.6778.205, chrome: {chromedriverVersion: 131.0.6778.204 (52183f9e99a..., userDataDir: C:\Users\ezhil\AppData\Loca...}, fedcm:accounts: true, goog:chromeOptions: {debuggerAddress: localhost:64776}, networkConnectionEnabled: false, pageLoadStrategy: normal, platformName: windows, proxy: Proxy(), se:cdp: ws://localhost:64776/devtoo..., se:cdpVersion: 131.0.6778.205, setWindowRect: true, strictFileInteractability: false, timeouts: {implicit: 0, pageLoad: 300000, script: 30000}, unhandledPromptBehavior: dismiss and notify, webauthn:extension:credBlob: true, webauthn:extension:largeBlob: true, webauthn:extension:minPinLength: true, webauthn:extension:prf: true, webauthn:virtualAuthenticators: true}
Session ID: 4f6308b66467e0eff02d43384cb958e6
	at java.base/jdk.internal.reflect.DirectConstructorHandleAccessor.newInstance(DirectConstructorHandleAccessor.java:62)
	at java.base/java.lang.reflect.Constructor.newInstanceWithCaller(Constructor.java:502)
	at java.base/java.lang.reflect.Constructor.newInstance(Constructor.java:486)
	at org.openqa.selenium.remote.ErrorCodec.decode(ErrorCodec.java:167)
	at org.openqa.selenium.remote.codec.w3c.W3CHttpResponseCodec.decode(W3CHttpResponseCodec.java:138)
	at org.openqa.selenium.remote.codec.w3c.W3CHttpResponseCodec.decode(W3CHttpResponseCodec.java:50)
	at org.openqa.selenium.remote.HttpCommandExecutor.execute(HttpCommandExecutor.java:190)
	at org.openqa.selenium.remote.service.DriverCommandExecutor.invokeExecute(DriverCommandExecutor.java:216)
	at org.openqa.selenium.remote.service.DriverCommandExecutor.execute(DriverCommandExecutor.java:174)
	at org.openqa.selenium.remote.RemoteWebDriver.execute(RemoteWebDriver.java:545)
	at org.openqa.selenium.remote.ElementLocation$ElementFinder$2.findElement(ElementLocation.java:165)
	at org.openqa.selenium.remote.ElementLocation.findElement(ElementLocation.java:59)
	at org.openqa.selenium.remote.RemoteWebDriver.findElement(RemoteWebDriver.java:368)
	at org.openqa.selenium.remote.RemoteWebDriver.findElement(RemoteWebDriver.java:362)
	at pages.RegisterPage.validateRegister(RegisterPage.java:76)
	at test.TC_001_SignUpTest.SignUpTest(TC_001_SignUpTest.java:34)
	at java.base/jdk.internal.reflect.DirectMethodHandleAccessor.invoke(DirectMethodHandleAccessor.java:103)
	at java.base/java.lang.reflect.Method.invoke(Method.java:580)
	at org.testng.internal.MethodInvocationHelper.invokeMethod(MethodInvocationHelper.java:133)
	at org.testng.internal.TestInvoker.invokeMethod(TestInvoker.java:598)
	at org.testng.internal.TestInvoker.invokeTestMethod(TestInvoker.java:173)
	at org.testng.internal.MethodRunner.runInSequence(MethodRunner.java:46)
	at org.testng.internal.TestInvoker$MethodInvocationAgent.invoke(TestInvoker.java:824)
	at org.testng.internal.TestInvoker.invokeTestMethods(TestInvoker.java:146)
	at org.testng.internal.TestMethodWorker.invokeTestMethods(TestMethodWorker.java:146)
	at org.testng.internal.TestMethodWorker.run(TestMethodWorker.java:128)
	at java.base/java.util.ArrayList.forEach(ArrayList.java:1597)
	at org.testng.TestRunner.privateRun(TestRunner.java:794)
	at org.testng.TestRunner.run(TestRunner.java:596)
	at org.testng.SuiteRunner.runTest(SuiteRunner.java:377)
	at org.testng.SuiteRunner.runSequentially(SuiteRunner.java:371)
	at org.testng.SuiteRunner.privateRun(SuiteRunner.java:332)
	at org.testng.SuiteRunner.run(SuiteRunner.java:276)
	at org.testng.SuiteRunnerWorker.runSuite(SuiteRunnerWorker.java:53)
	at org.testng.SuiteRunnerWorker.run(SuiteRunnerWorker.java:96)
	at org.testng.TestNG.runSuitesSequentially(TestNG.java:1212)
	at org.testng.TestNG.runSuitesLocally(TestNG.java:1134)
	at org.testng.TestNG.runSuites(TestNG.java:1063)
	at org.testng.TestNG.run(TestNG.java:1031)
	at org.testng.remote.AbstractRemoteTestNG.run(AbstractRemoteTestNG.java:115)
	at org.testng.remote.RemoteTestNG.initAndRun(RemoteTestNG.java:293)
	at org.testng.remote.RemoteTestNG.main(RemoteTestNG.java:91)
</pre></div></td>
<td>36</td>
<td>test.TC_001_SignUpTest@795509d9</td></tr>
<tr>
<td title='test.TC_005_BookHotelTest.BookHotelTest()'><b>BookHotelTest</b><br>Test class: test.TC_005_BookHotelTest<br>Parameters:  , Parivallal, 5A, RC Street, Tirupur Road, Dharapuram - 638656, 1234567890123450, VISA, May, 2030, 123, negative_book, Please Enter your First Name</td>
<td><div><pre>org.openqa.selenium.NoSuchElementException: no such element: Unable to locate element: {&quot;method&quot;:&quot;xpath&quot;,&quot;selector&quot;:&quot;//label[text()=&apos;Please Enter your First Name&apos;]&quot;}
  (Session info: chrome=131.0.6778.205)
For documentation on this error, please visit: https://www.selenium.dev/documentation/webdriver/troubleshooting/errors#no-such-element-exception
Build info: version: &apos;4.25.0&apos;, revision: &apos;8a8aea2337&apos;
System info: os.name: &apos;Windows 11&apos;, os.arch: &apos;amd64&apos;, os.version: &apos;10.0&apos;, java.version: &apos;22.0.2&apos;
Driver info: org.openqa.selenium.chrome.ChromeDriver
Command: [923abf483da09aed4a441621f53a3a59, findElement {using=xpath, value=//label[text()=&apos;Please Enter your First Name&apos;]}]
Capabilities {acceptInsecureCerts: false, browserName: chrome, browserVersion: 131.0.6778.205, chrome: {chromedriverVersion: 131.0.6778.204 (52183f9e99a..., userDataDir: C:\Users\ezhil\AppData\Loca...}, fedcm:accounts: true, goog:chromeOptions: {debuggerAddress: localhost:65330}, networkConnectionEnabled: false, pageLoadStrategy: normal, platformName: windows, proxy: Proxy(), se:cdp: ws://localhost:65330/devtoo..., se:cdpVersion: 131.0.6778.205, setWindowRect: true, strictFileInteractability: false, timeouts: {implicit: 0, pageLoad: 300000, script: 30000}, unhandledPromptBehavior: dismiss and notify, webauthn:extension:credBlob: true, webauthn:extension:largeBlob: true, webauthn:extension:minPinLength: true, webauthn:extension:prf: true, webauthn:virtualAuthenticators: true}
Session ID: 923abf483da09aed4a441621f53a3a59
	at org.openqa.selenium.remote.ErrorCodec.decode(ErrorCodec.java:167)
	at org.openqa.selenium.remote.codec.w3c.W3CHttpResponseCodec.decode(W3CHttpResponseCodec.java:138)
	at org.openqa.selenium.remote.codec.w3c.W3CHttpResponseCodec.decode(W3CHttpResponseCodec.java:50)
	at org.openqa.selenium.remote.HttpCommandExecutor.execute(HttpCommandExecutor.java:190)
	at org.openqa.selenium.remote.service.DriverCommandExecutor.invokeExecute(DriverCommandExecutor.java:216)
	at org.openqa.selenium.remote.service.DriverCommandExecutor.execute(DriverCommandExecutor.java:174)
	at org.openqa.selenium.remote.RemoteWebDriver.execute(RemoteWebDriver.java:545)
	at org.openqa.selenium.remote.ElementLocation$ElementFinder$2.findElement(ElementLocation.java:165)
	at org.openqa.selenium.remote.ElementLocation.findElement(ElementLocation.java:59)
	at org.openqa.selenium.remote.RemoteWebDriver.findElement(RemoteWebDriver.java:368)
	at org.openqa.selenium.remote.RemoteWebDriver.findElement(RemoteWebDriver.java:362)
	at pages.BookHotelPage.bookNow(BookHotelPage.java:58)
	at test.TC_005_BookHotelTest.BookHotelTest(TC_005_BookHotelTest.java:64)
	at java.base/java.util.ArrayList.forEach(ArrayList.java:1597)
... Removed 28 stack frames</pre></div><a href='#' onClick='toggleBox("stack-trace394568342", this, "Click to show all stack frames", "Click to hide stack frames")'>Click to show all stack frames</a>
<div class='stack-trace' id='stack-trace394568342'><pre>org.openqa.selenium.NoSuchElementException: no such element: Unable to locate element: {&quot;method&quot;:&quot;xpath&quot;,&quot;selector&quot;:&quot;//label[text()=&apos;Please Enter your First Name&apos;]&quot;}
  (Session info: chrome=131.0.6778.205)
For documentation on this error, please visit: https://www.selenium.dev/documentation/webdriver/troubleshooting/errors#no-such-element-exception
Build info: version: &apos;4.25.0&apos;, revision: &apos;8a8aea2337&apos;
System info: os.name: &apos;Windows 11&apos;, os.arch: &apos;amd64&apos;, os.version: &apos;10.0&apos;, java.version: &apos;22.0.2&apos;
Driver info: org.openqa.selenium.chrome.ChromeDriver
Command: [923abf483da09aed4a441621f53a3a59, findElement {using=xpath, value=//label[text()=&apos;Please Enter your First Name&apos;]}]
Capabilities {acceptInsecureCerts: false, browserName: chrome, browserVersion: 131.0.6778.205, chrome: {chromedriverVersion: 131.0.6778.204 (52183f9e99a..., userDataDir: C:\Users\ezhil\AppData\Loca...}, fedcm:accounts: true, goog:chromeOptions: {debuggerAddress: localhost:65330}, networkConnectionEnabled: false, pageLoadStrategy: normal, platformName: windows, proxy: Proxy(), se:cdp: ws://localhost:65330/devtoo..., se:cdpVersion: 131.0.6778.205, setWindowRect: true, strictFileInteractability: false, timeouts: {implicit: 0, pageLoad: 300000, script: 30000}, unhandledPromptBehavior: dismiss and notify, webauthn:extension:credBlob: true, webauthn:extension:largeBlob: true, webauthn:extension:minPinLength: true, webauthn:extension:prf: true, webauthn:virtualAuthenticators: true}
Session ID: 923abf483da09aed4a441621f53a3a59
	at java.base/jdk.internal.reflect.DirectConstructorHandleAccessor.newInstance(DirectConstructorHandleAccessor.java:62)
	at java.base/java.lang.reflect.Constructor.newInstanceWithCaller(Constructor.java:502)
	at java.base/java.lang.reflect.Constructor.newInstance(Constructor.java:486)
	at org.openqa.selenium.remote.ErrorCodec.decode(ErrorCodec.java:167)
	at org.openqa.selenium.remote.codec.w3c.W3CHttpResponseCodec.decode(W3CHttpResponseCodec.java:138)
	at org.openqa.selenium.remote.codec.w3c.W3CHttpResponseCodec.decode(W3CHttpResponseCodec.java:50)
	at org.openqa.selenium.remote.HttpCommandExecutor.execute(HttpCommandExecutor.java:190)
	at org.openqa.selenium.remote.service.DriverCommandExecutor.invokeExecute(DriverCommandExecutor.java:216)
	at org.openqa.selenium.remote.service.DriverCommandExecutor.execute(DriverCommandExecutor.java:174)
	at org.openqa.selenium.remote.RemoteWebDriver.execute(RemoteWebDriver.java:545)
	at org.openqa.selenium.remote.ElementLocation$ElementFinder$2.findElement(ElementLocation.java:165)
	at org.openqa.selenium.remote.ElementLocation.findElement(ElementLocation.java:59)
	at org.openqa.selenium.remote.RemoteWebDriver.findElement(RemoteWebDriver.java:368)
	at org.openqa.selenium.remote.RemoteWebDriver.findElement(RemoteWebDriver.java:362)
	at pages.BookHotelPage.bookNow(BookHotelPage.java:58)
	at test.TC_005_BookHotelTest.BookHotelTest(TC_005_BookHotelTest.java:64)
	at java.base/jdk.internal.reflect.DirectMethodHandleAccessor.invoke(DirectMethodHandleAccessor.java:103)
	at java.base/java.lang.reflect.Method.invoke(Method.java:580)
	at org.testng.internal.MethodInvocationHelper.invokeMethod(MethodInvocationHelper.java:133)
	at org.testng.internal.TestInvoker.invokeMethod(TestInvoker.java:598)
	at org.testng.internal.TestInvoker.invokeTestMethod(TestInvoker.java:173)
	at org.testng.internal.MethodRunner.runInSequence(MethodRunner.java:46)
	at org.testng.internal.TestInvoker$MethodInvocationAgent.invoke(TestInvoker.java:824)
	at org.testng.internal.TestInvoker.invokeTestMethods(TestInvoker.java:146)
	at org.testng.internal.TestMethodWorker.invokeTestMethods(TestMethodWorker.java:146)
	at org.testng.internal.TestMethodWorker.run(TestMethodWorker.java:128)
	at java.base/java.util.ArrayList.forEach(ArrayList.java:1597)
	at org.testng.TestRunner.privateRun(TestRunner.java:794)
	at org.testng.TestRunner.run(TestRunner.java:596)
	at org.testng.SuiteRunner.runTest(SuiteRunner.java:377)
	at org.testng.SuiteRunner.runSequentially(SuiteRunner.java:371)
	at org.testng.SuiteRunner.privateRun(SuiteRunner.java:332)
	at org.testng.SuiteRunner.run(SuiteRunner.java:276)
	at org.testng.SuiteRunnerWorker.runSuite(SuiteRunnerWorker.java:53)
	at org.testng.SuiteRunnerWorker.run(SuiteRunnerWorker.java:96)
	at org.testng.TestNG.runSuitesSequentially(TestNG.java:1212)
	at org.testng.TestNG.runSuitesLocally(TestNG.java:1134)
	at org.testng.TestNG.runSuites(TestNG.java:1063)
	at org.testng.TestNG.run(TestNG.java:1031)
	at org.testng.remote.AbstractRemoteTestNG.run(AbstractRemoteTestNG.java:115)
	at org.testng.remote.RemoteTestNG.initAndRun(RemoteTestNG.java:293)
	at org.testng.remote.RemoteTestNG.main(RemoteTestNG.java:91)
</pre></div></td>
<td>30</td>
<td>test.TC_005_BookHotelTest@7bba5817</td></tr>
<tr>
<td title='test.TC_005_BookHotelTest.BookHotelTest()'><b>BookHotelTest</b><br>Test class: test.TC_005_BookHotelTest<br>Parameters: Ezhil, Parivallal,  , 1234567890123450, VISA, May, 2030, 123, negative_book, Please Enter your Address</td>
<td><div><pre>org.openqa.selenium.NoSuchElementException: no such element: Unable to locate element: {&quot;method&quot;:&quot;xpath&quot;,&quot;selector&quot;:&quot;//label[text()=&apos;Please Enter your Address&apos;]&quot;}
  (Session info: chrome=131.0.6778.205)
For documentation on this error, please visit: https://www.selenium.dev/documentation/webdriver/troubleshooting/errors#no-such-element-exception
Build info: version: &apos;4.25.0&apos;, revision: &apos;8a8aea2337&apos;
System info: os.name: &apos;Windows 11&apos;, os.arch: &apos;amd64&apos;, os.version: &apos;10.0&apos;, java.version: &apos;22.0.2&apos;
Driver info: org.openqa.selenium.chrome.ChromeDriver
Command: [fe8ba6a28c8968babf4c1980c96c052e, findElement {using=xpath, value=//label[text()=&apos;Please Enter your Address&apos;]}]
Capabilities {acceptInsecureCerts: false, browserName: chrome, browserVersion: 131.0.6778.205, chrome: {chromedriverVersion: 131.0.6778.204 (52183f9e99a..., userDataDir: C:\Users\ezhil\AppData\Loca...}, fedcm:accounts: true, goog:chromeOptions: {debuggerAddress: localhost:65384}, networkConnectionEnabled: false, pageLoadStrategy: normal, platformName: windows, proxy: Proxy(), se:cdp: ws://localhost:65384/devtoo..., se:cdpVersion: 131.0.6778.205, setWindowRect: true, strictFileInteractability: false, timeouts: {implicit: 0, pageLoad: 300000, script: 30000}, unhandledPromptBehavior: dismiss and notify, webauthn:extension:credBlob: true, webauthn:extension:largeBlob: true, webauthn:extension:minPinLength: true, webauthn:extension:prf: true, webauthn:virtualAuthenticators: true}
Session ID: fe8ba6a28c8968babf4c1980c96c052e
	at org.openqa.selenium.remote.ErrorCodec.decode(ErrorCodec.java:167)
	at org.openqa.selenium.remote.codec.w3c.W3CHttpResponseCodec.decode(W3CHttpResponseCodec.java:138)
	at org.openqa.selenium.remote.codec.w3c.W3CHttpResponseCodec.decode(W3CHttpResponseCodec.java:50)
	at org.openqa.selenium.remote.HttpCommandExecutor.execute(HttpCommandExecutor.java:190)
	at org.openqa.selenium.remote.service.DriverCommandExecutor.invokeExecute(DriverCommandExecutor.java:216)
	at org.openqa.selenium.remote.service.DriverCommandExecutor.execute(DriverCommandExecutor.java:174)
	at org.openqa.selenium.remote.RemoteWebDriver.execute(RemoteWebDriver.java:545)
	at org.openqa.selenium.remote.ElementLocation$ElementFinder$2.findElement(ElementLocation.java:165)
	at org.openqa.selenium.remote.ElementLocation.findElement(ElementLocation.java:59)
	at org.openqa.selenium.remote.RemoteWebDriver.findElement(RemoteWebDriver.java:368)
	at org.openqa.selenium.remote.RemoteWebDriver.findElement(RemoteWebDriver.java:362)
	at pages.BookHotelPage.bookNow(BookHotelPage.java:58)
	at test.TC_005_BookHotelTest.BookHotelTest(TC_005_BookHotelTest.java:64)
	at java.base/java.util.ArrayList.forEach(ArrayList.java:1597)
... Removed 28 stack frames</pre></div><a href='#' onClick='toggleBox("stack-trace1222836602", this, "Click to show all stack frames", "Click to hide stack frames")'>Click to show all stack frames</a>
<div class='stack-trace' id='stack-trace1222836602'><pre>org.openqa.selenium.NoSuchElementException: no such element: Unable to locate element: {&quot;method&quot;:&quot;xpath&quot;,&quot;selector&quot;:&quot;//label[text()=&apos;Please Enter your Address&apos;]&quot;}
  (Session info: chrome=131.0.6778.205)
For documentation on this error, please visit: https://www.selenium.dev/documentation/webdriver/troubleshooting/errors#no-such-element-exception
Build info: version: &apos;4.25.0&apos;, revision: &apos;8a8aea2337&apos;
System info: os.name: &apos;Windows 11&apos;, os.arch: &apos;amd64&apos;, os.version: &apos;10.0&apos;, java.version: &apos;22.0.2&apos;
Driver info: org.openqa.selenium.chrome.ChromeDriver
Command: [fe8ba6a28c8968babf4c1980c96c052e, findElement {using=xpath, value=//label[text()=&apos;Please Enter your Address&apos;]}]
Capabilities {acceptInsecureCerts: false, browserName: chrome, browserVersion: 131.0.6778.205, chrome: {chromedriverVersion: 131.0.6778.204 (52183f9e99a..., userDataDir: C:\Users\ezhil\AppData\Loca...}, fedcm:accounts: true, goog:chromeOptions: {debuggerAddress: localhost:65384}, networkConnectionEnabled: false, pageLoadStrategy: normal, platformName: windows, proxy: Proxy(), se:cdp: ws://localhost:65384/devtoo..., se:cdpVersion: 131.0.6778.205, setWindowRect: true, strictFileInteractability: false, timeouts: {implicit: 0, pageLoad: 300000, script: 30000}, unhandledPromptBehavior: dismiss and notify, webauthn:extension:credBlob: true, webauthn:extension:largeBlob: true, webauthn:extension:minPinLength: true, webauthn:extension:prf: true, webauthn:virtualAuthenticators: true}
Session ID: fe8ba6a28c8968babf4c1980c96c052e
	at java.base/jdk.internal.reflect.DirectConstructorHandleAccessor.newInstance(DirectConstructorHandleAccessor.java:62)
	at java.base/java.lang.reflect.Constructor.newInstanceWithCaller(Constructor.java:502)
	at java.base/java.lang.reflect.Constructor.newInstance(Constructor.java:486)
	at org.openqa.selenium.remote.ErrorCodec.decode(ErrorCodec.java:167)
	at org.openqa.selenium.remote.codec.w3c.W3CHttpResponseCodec.decode(W3CHttpResponseCodec.java:138)
	at org.openqa.selenium.remote.codec.w3c.W3CHttpResponseCodec.decode(W3CHttpResponseCodec.java:50)
	at org.openqa.selenium.remote.HttpCommandExecutor.execute(HttpCommandExecutor.java:190)
	at org.openqa.selenium.remote.service.DriverCommandExecutor.invokeExecute(DriverCommandExecutor.java:216)
	at org.openqa.selenium.remote.service.DriverCommandExecutor.execute(DriverCommandExecutor.java:174)
	at org.openqa.selenium.remote.RemoteWebDriver.execute(RemoteWebDriver.java:545)
	at org.openqa.selenium.remote.ElementLocation$ElementFinder$2.findElement(ElementLocation.java:165)
	at org.openqa.selenium.remote.ElementLocation.findElement(ElementLocation.java:59)
	at org.openqa.selenium.remote.RemoteWebDriver.findElement(RemoteWebDriver.java:368)
	at org.openqa.selenium.remote.RemoteWebDriver.findElement(RemoteWebDriver.java:362)
	at pages.BookHotelPage.bookNow(BookHotelPage.java:58)
	at test.TC_005_BookHotelTest.BookHotelTest(TC_005_BookHotelTest.java:64)
	at java.base/jdk.internal.reflect.DirectMethodHandleAccessor.invoke(DirectMethodHandleAccessor.java:103)
	at java.base/java.lang.reflect.Method.invoke(Method.java:580)
	at org.testng.internal.MethodInvocationHelper.invokeMethod(MethodInvocationHelper.java:133)
	at org.testng.internal.TestInvoker.invokeMethod(TestInvoker.java:598)
	at org.testng.internal.TestInvoker.invokeTestMethod(TestInvoker.java:173)
	at org.testng.internal.MethodRunner.runInSequence(MethodRunner.java:46)
	at org.testng.internal.TestInvoker$MethodInvocationAgent.invoke(TestInvoker.java:824)
	at org.testng.internal.TestInvoker.invokeTestMethods(TestInvoker.java:146)
	at org.testng.internal.TestMethodWorker.invokeTestMethods(TestMethodWorker.java:146)
	at org.testng.internal.TestMethodWorker.run(TestMethodWorker.java:128)
	at java.base/java.util.ArrayList.forEach(ArrayList.java:1597)
	at org.testng.TestRunner.privateRun(TestRunner.java:794)
	at org.testng.TestRunner.run(TestRunner.java:596)
	at org.testng.SuiteRunner.runTest(SuiteRunner.java:377)
	at org.testng.SuiteRunner.runSequentially(SuiteRunner.java:371)
	at org.testng.SuiteRunner.privateRun(SuiteRunner.java:332)
	at org.testng.SuiteRunner.run(SuiteRunner.java:276)
	at org.testng.SuiteRunnerWorker.runSuite(SuiteRunnerWorker.java:53)
	at org.testng.SuiteRunnerWorker.run(SuiteRunnerWorker.java:96)
	at org.testng.TestNG.runSuitesSequentially(TestNG.java:1212)
	at org.testng.TestNG.runSuitesLocally(TestNG.java:1134)
	at org.testng.TestNG.runSuites(TestNG.java:1063)
	at org.testng.TestNG.run(TestNG.java:1031)
	at org.testng.remote.AbstractRemoteTestNG.run(AbstractRemoteTestNG.java:115)
	at org.testng.remote.RemoteTestNG.initAndRun(RemoteTestNG.java:293)
	at org.testng.remote.RemoteTestNG.main(RemoteTestNG.java:91)
</pre></div></td>
<td>30</td>
<td>test.TC_005_BookHotelTest@7bba5817</td></tr>
<tr>
<td title='test.TC_005_BookHotelTest.BookHotelTest()'><b>BookHotelTest</b><br>Test class: test.TC_005_BookHotelTest<br>Parameters: Ezhil,  , 5A, RC Street, Tirupur Road, Dharapuram - 638656, 1234567890123450, VISA, May, 2030, 123, negative_book, Please Enter your Last Name</td>
<td><div><pre>org.openqa.selenium.NoSuchElementException: no such element: Unable to locate element: {&quot;method&quot;:&quot;xpath&quot;,&quot;selector&quot;:&quot;//label[text()=&apos;Please Enter your Last Name&apos;]&quot;}
  (Session info: chrome=131.0.6778.205)
For documentation on this error, please visit: https://www.selenium.dev/documentation/webdriver/troubleshooting/errors#no-such-element-exception
Build info: version: &apos;4.25.0&apos;, revision: &apos;8a8aea2337&apos;
System info: os.name: &apos;Windows 11&apos;, os.arch: &apos;amd64&apos;, os.version: &apos;10.0&apos;, java.version: &apos;22.0.2&apos;
Driver info: org.openqa.selenium.chrome.ChromeDriver
Command: [6af132e773812ed5684de8bcffb8f4bb, findElement {using=xpath, value=//label[text()=&apos;Please Enter your Last Name&apos;]}]
Capabilities {acceptInsecureCerts: false, browserName: chrome, browserVersion: 131.0.6778.205, chrome: {chromedriverVersion: 131.0.6778.204 (52183f9e99a..., userDataDir: C:\Users\ezhil\AppData\Loca...}, fedcm:accounts: true, goog:chromeOptions: {debuggerAddress: localhost:65357}, networkConnectionEnabled: false, pageLoadStrategy: normal, platformName: windows, proxy: Proxy(), se:cdp: ws://localhost:65357/devtoo..., se:cdpVersion: 131.0.6778.205, setWindowRect: true, strictFileInteractability: false, timeouts: {implicit: 0, pageLoad: 300000, script: 30000}, unhandledPromptBehavior: dismiss and notify, webauthn:extension:credBlob: true, webauthn:extension:largeBlob: true, webauthn:extension:minPinLength: true, webauthn:extension:prf: true, webauthn:virtualAuthenticators: true}
Session ID: 6af132e773812ed5684de8bcffb8f4bb
	at org.openqa.selenium.remote.ErrorCodec.decode(ErrorCodec.java:167)
	at org.openqa.selenium.remote.codec.w3c.W3CHttpResponseCodec.decode(W3CHttpResponseCodec.java:138)
	at org.openqa.selenium.remote.codec.w3c.W3CHttpResponseCodec.decode(W3CHttpResponseCodec.java:50)
	at org.openqa.selenium.remote.HttpCommandExecutor.execute(HttpCommandExecutor.java:190)
	at org.openqa.selenium.remote.service.DriverCommandExecutor.invokeExecute(DriverCommandExecutor.java:216)
	at org.openqa.selenium.remote.service.DriverCommandExecutor.execute(DriverCommandExecutor.java:174)
	at org.openqa.selenium.remote.RemoteWebDriver.execute(RemoteWebDriver.java:545)
	at org.openqa.selenium.remote.ElementLocation$ElementFinder$2.findElement(ElementLocation.java:165)
	at org.openqa.selenium.remote.ElementLocation.findElement(ElementLocation.java:59)
	at org.openqa.selenium.remote.RemoteWebDriver.findElement(RemoteWebDriver.java:368)
	at org.openqa.selenium.remote.RemoteWebDriver.findElement(RemoteWebDriver.java:362)
	at pages.BookHotelPage.bookNow(BookHotelPage.java:58)
	at test.TC_005_BookHotelTest.BookHotelTest(TC_005_BookHotelTest.java:64)
	at java.base/java.util.ArrayList.forEach(ArrayList.java:1597)
... Removed 28 stack frames</pre></div><a href='#' onClick='toggleBox("stack-trace902427943", this, "Click to show all stack frames", "Click to hide stack frames")'>Click to show all stack frames</a>
<div class='stack-trace' id='stack-trace902427943'><pre>org.openqa.selenium.NoSuchElementException: no such element: Unable to locate element: {&quot;method&quot;:&quot;xpath&quot;,&quot;selector&quot;:&quot;//label[text()=&apos;Please Enter your Last Name&apos;]&quot;}
  (Session info: chrome=131.0.6778.205)
For documentation on this error, please visit: https://www.selenium.dev/documentation/webdriver/troubleshooting/errors#no-such-element-exception
Build info: version: &apos;4.25.0&apos;, revision: &apos;8a8aea2337&apos;
System info: os.name: &apos;Windows 11&apos;, os.arch: &apos;amd64&apos;, os.version: &apos;10.0&apos;, java.version: &apos;22.0.2&apos;
Driver info: org.openqa.selenium.chrome.ChromeDriver
Command: [6af132e773812ed5684de8bcffb8f4bb, findElement {using=xpath, value=//label[text()=&apos;Please Enter your Last Name&apos;]}]
Capabilities {acceptInsecureCerts: false, browserName: chrome, browserVersion: 131.0.6778.205, chrome: {chromedriverVersion: 131.0.6778.204 (52183f9e99a..., userDataDir: C:\Users\ezhil\AppData\Loca...}, fedcm:accounts: true, goog:chromeOptions: {debuggerAddress: localhost:65357}, networkConnectionEnabled: false, pageLoadStrategy: normal, platformName: windows, proxy: Proxy(), se:cdp: ws://localhost:65357/devtoo..., se:cdpVersion: 131.0.6778.205, setWindowRect: true, strictFileInteractability: false, timeouts: {implicit: 0, pageLoad: 300000, script: 30000}, unhandledPromptBehavior: dismiss and notify, webauthn:extension:credBlob: true, webauthn:extension:largeBlob: true, webauthn:extension:minPinLength: true, webauthn:extension:prf: true, webauthn:virtualAuthenticators: true}
Session ID: 6af132e773812ed5684de8bcffb8f4bb
	at java.base/jdk.internal.reflect.DirectConstructorHandleAccessor.newInstance(DirectConstructorHandleAccessor.java:62)
	at java.base/java.lang.reflect.Constructor.newInstanceWithCaller(Constructor.java:502)
	at java.base/java.lang.reflect.Constructor.newInstance(Constructor.java:486)
	at org.openqa.selenium.remote.ErrorCodec.decode(ErrorCodec.java:167)
	at org.openqa.selenium.remote.codec.w3c.W3CHttpResponseCodec.decode(W3CHttpResponseCodec.java:138)
	at org.openqa.selenium.remote.codec.w3c.W3CHttpResponseCodec.decode(W3CHttpResponseCodec.java:50)
	at org.openqa.selenium.remote.HttpCommandExecutor.execute(HttpCommandExecutor.java:190)
	at org.openqa.selenium.remote.service.DriverCommandExecutor.invokeExecute(DriverCommandExecutor.java:216)
	at org.openqa.selenium.remote.service.DriverCommandExecutor.execute(DriverCommandExecutor.java:174)
	at org.openqa.selenium.remote.RemoteWebDriver.execute(RemoteWebDriver.java:545)
	at org.openqa.selenium.remote.ElementLocation$ElementFinder$2.findElement(ElementLocation.java:165)
	at org.openqa.selenium.remote.ElementLocation.findElement(ElementLocation.java:59)
	at org.openqa.selenium.remote.RemoteWebDriver.findElement(RemoteWebDriver.java:368)
	at org.openqa.selenium.remote.RemoteWebDriver.findElement(RemoteWebDriver.java:362)
	at pages.BookHotelPage.bookNow(BookHotelPage.java:58)
	at test.TC_005_BookHotelTest.BookHotelTest(TC_005_BookHotelTest.java:64)
	at java.base/jdk.internal.reflect.DirectMethodHandleAccessor.invoke(DirectMethodHandleAccessor.java:103)
	at java.base/java.lang.reflect.Method.invoke(Method.java:580)
	at org.testng.internal.MethodInvocationHelper.invokeMethod(MethodInvocationHelper.java:133)
	at org.testng.internal.TestInvoker.invokeMethod(TestInvoker.java:598)
	at org.testng.internal.TestInvoker.invokeTestMethod(TestInvoker.java:173)
	at org.testng.internal.MethodRunner.runInSequence(MethodRunner.java:46)
	at org.testng.internal.TestInvoker$MethodInvocationAgent.invoke(TestInvoker.java:824)
	at org.testng.internal.TestInvoker.invokeTestMethods(TestInvoker.java:146)
	at org.testng.internal.TestMethodWorker.invokeTestMethods(TestMethodWorker.java:146)
	at org.testng.internal.TestMethodWorker.run(TestMethodWorker.java:128)
	at java.base/java.util.ArrayList.forEach(ArrayList.java:1597)
	at org.testng.TestRunner.privateRun(TestRunner.java:794)
	at org.testng.TestRunner.run(TestRunner.java:596)
	at org.testng.SuiteRunner.runTest(SuiteRunner.java:377)
	at org.testng.SuiteRunner.runSequentially(SuiteRunner.java:371)
	at org.testng.SuiteRunner.privateRun(SuiteRunner.java:332)
	at org.testng.SuiteRunner.run(SuiteRunner.java:276)
	at org.testng.SuiteRunnerWorker.runSuite(SuiteRunnerWorker.java:53)
	at org.testng.SuiteRunnerWorker.run(SuiteRunnerWorker.java:96)
	at org.testng.TestNG.runSuitesSequentially(TestNG.java:1212)
	at org.testng.TestNG.runSuitesLocally(TestNG.java:1134)
	at org.testng.TestNG.runSuites(TestNG.java:1063)
	at org.testng.TestNG.run(TestNG.java:1031)
	at org.testng.remote.AbstractRemoteTestNG.run(AbstractRemoteTestNG.java:115)
	at org.testng.remote.RemoteTestNG.initAndRun(RemoteTestNG.java:293)
	at org.testng.remote.RemoteTestNG.main(RemoteTestNG.java:91)
</pre></div></td>
<td>31</td>
<td>test.TC_005_BookHotelTest@7bba5817</td></tr>
</table><p>
<table width='100%' border='1' class='invocation-passed'>
<tr><td colspan='4' align='center'><b>PASSED TESTS</b></td></tr>
<tr><td><b>Test method</b></td>
<td width="30%"><b>Exception</b></td>
<td width="10%"><b>Time (seconds)</b></td>
<td><b>Instance</b></td>
</tr>
<tr>
<td title='test.TC_001_SignUpTest.SignUpTest()'><b>SignUpTest</b><br>Test class: test.TC_001_SignUpTest<br>Parameters: MitraNaveen, Eli@1793,  , Mitra Naveen, ezhilparivallal1218@gmail.com, Yes, negative, Confirm Password is Empty</td>
<td></td>
<td>20</td>
<td>test.TC_001_SignUpTest@795509d9</td></tr>
<tr>
<td title='test.TC_001_SignUpTest.SignUpTest()'><b>SignUpTest</b><br>Test class: test.TC_001_SignUpTest<br>Parameters: EzhilNaveen173, Eli@1793, Eli@1793, Ezhil Parivallal, ezhilpari179318@gmail.com, Yes, positive,  </td>
<td></td>
<td>28</td>
<td>test.TC_001_SignUpTest@795509d9</td></tr>
<tr>
<td title='test.TC_002_LoginTest.LoginTest()'><b>LoginTest</b><br>Test class: test.TC_002_LoginTest<br>Parameters: EzhilParivall, Eli@1793, negative_login, Invalid Login details or Your Password might have expired. </td>
<td></td>
<td>1</td>
<td>test.TC_002_LoginTest@cb0755b</td></tr>
<tr>
<td title='test.TC_004_SearchHotelTest.SearchHotelTest()'><b>SearchHotelTest</b><br>Test class: test.TC_004_SearchHotelTest<br>Parameters: London,  ,  , 1 - One, 26/12/2025, 27/12/2025, 2 - Two,  , positive,  </td>
<td></td>
<td>10</td>
<td>test.TC_004_SearchHotelTest@712625fd</td></tr>
<tr>
<td title='test.TC_005_BookHotelTest.BookHotelTest()'><b>BookHotelTest</b><br>Test class: test.TC_005_BookHotelTest<br>Parameters: Ezhil, Parivallal, 5A, RC Street, Tirupur Road, Dharapuram - 638656,  , VISA, May, 2030, 123, negative_book, Please Enter your 16 Digit Credit Card Number</td>
<td></td>
<td>14</td>
<td>test.TC_005_BookHotelTest@7bba5817</td></tr>
<tr>
<td title='test.TC_001_SignUpTest.SignUpTest()'><b>SignUpTest</b><br>Test class: test.TC_001_SignUpTest<br>Parameters: MitraNaveen,  , Eli@1793, Mitra Naveen, ezhilparivallal1218@gmail.com, Yes, negative, Password is Empty</td>
<td></td>
<td>19</td>
<td>test.TC_001_SignUpTest@795509d9</td></tr>
<tr>
<td title='test.TC_001_SignUpTest.SignUpTest()'><b>SignUpTest</b><br>Test class: test.TC_001_SignUpTest<br>Parameters: MitraNaveen, Eli@1793, Eli@1793, Mitra Naveen, ezhilparivallal1218@gmail.com, No, negative, You must agree to Terms and Conditions</td>
<td></td>
<td>19</td>
<td>test.TC_001_SignUpTest@795509d9</td></tr>
<tr>
<td title='test.TC_006_ChangePassTest.ChangePassTest()'><b>ChangePassTest</b><br>Test class: test.TC_006_ChangePassTest<br>Parameters: EzhilParivallal, Eli@123, Eli@179, Eli@123, Eli@123, negative, Please enter correct current password!!!</td>
<td></td>
<td>7</td>
<td>test.TC_006_ChangePassTest@742ff096</td></tr>
<tr>
<td title='test.TC_002_LoginTest.LoginTest()'><b>LoginTest</b><br>Test class: test.TC_002_LoginTest<br>Parameters: EzhilParivallal, Eli@1793, positive,  </td>
<td></td>
<td>2</td>
<td>test.TC_002_LoginTest@cb0755b</td></tr>
<tr>
<td title='test.TC_005_BookHotelTest.BookHotelTest()'><b>BookHotelTest</b><br>Test class: test.TC_005_BookHotelTest<br>Parameters: Ezhil, Parivallal, 5A, RC Street, Tirupur Road, Dharapuram - 638656, 123456789012345, VISA, May, 2030, 123, negative_book, Please Enter your 16 Digit Credit Card Number</td>
<td></td>
<td>15</td>
<td>test.TC_005_BookHotelTest@7bba5817</td></tr>
<tr>
<td title='test.TC_005_BookHotelTest.BookHotelTest()'><b>BookHotelTest</b><br>Test class: test.TC_005_BookHotelTest<br>Parameters: Ezhil, Parivallal, 5A, RC Street, Tirupur Road, Dharapuram - 638656, 1234567890123450, VISA,  ,  , 123, negative_book, Please Select your Credit Card Expiry Month</td>
<td></td>
<td>16</td>
<td>test.TC_005_BookHotelTest@7bba5817</td></tr>
<tr>
<td title='test.TC_004_SearchHotelTest.SearchHotelTest()'><b>SearchHotelTest</b><br>Test class: test.TC_004_SearchHotelTest<br>Parameters: London, Hotel Creek, Standard, 1 - One, 26/12/2025,  , 2 - Two, 1 - One, negative, Please Select Check-Out Date</td>
<td></td>
<td>8</td>
<td>test.TC_004_SearchHotelTest@712625fd</td></tr>
<tr>
<td title='test.TC_005_BookHotelTest.BookHotelTest()'><b>BookHotelTest</b><br>Test class: test.TC_005_BookHotelTest<br>Parameters: Ezhil, Parivallal, 5A, RC Street, Tirupur Road, Dharapuram - 638656, 1234567890123450, VISA, May,  , 123, negative_book, Please Select your Credit Card Expiry Year</td>
<td></td>
<td>16</td>
<td>test.TC_005_BookHotelTest@7bba5817</td></tr>
<tr>
<td title='test.TC_006_ChangePassTest.ChangePassTest()'><b>ChangePassTest</b><br>Test class: test.TC_006_ChangePassTest<br>Parameters: EzhilParivallal, Eli@1793, Eli@1793, Eli@123, Eli@123, positive,  </td>
<td></td>
<td>7</td>
<td>test.TC_006_ChangePassTest@742ff096</td></tr>
<tr>
<td title='test.TC_004_SearchHotelTest.SearchHotelTest()'><b>SearchHotelTest</b><br>Test class: test.TC_004_SearchHotelTest<br>Parameters:  , Hotel Creek, Standard, 1 - One, 26/12/2025, 27/12/2025, 2 - Two, 1 - One, negative, Please Select a Location</td>
<td></td>
<td>7</td>
<td>test.TC_004_SearchHotelTest@712625fd</td></tr>
<tr>
<td title='test.TC_005_BookHotelTest.BookHotelTest()'><b>BookHotelTest</b><br>Test class: test.TC_005_BookHotelTest<br>Parameters: Ezhil, Parivallal, 5A, RC Street, Tirupur Road, Dharapuram - 638656, 1234567890123450, VISA,  , 2030, 123, negative_book, Please Select your Credit Card Expiry Month</td>
<td></td>
<td>15</td>
<td>test.TC_005_BookHotelTest@7bba5817</td></tr>
<tr>
<td title='test.TC_004_SearchHotelTest.SearchHotelTest()'><b>SearchHotelTest</b><br>Test class: test.TC_004_SearchHotelTest<br>Parameters: London, Hotel Creek, Standard, 1 - One, 26/12/2025, 27/12/2025, 2 - Two, 1 - One, positive,  </td>
<td></td>
<td>12</td>
<td>test.TC_004_SearchHotelTest@712625fd</td></tr>
<tr>
<td title='test.TC_004_SearchHotelTest.SearchHotelTest()'><b>SearchHotelTest</b><br>Test class: test.TC_004_SearchHotelTest<br>Parameters: London, Hotel Creek, Standard, 1 - One,  , 27/12/2025, 2 - Two, 1 - One, negative, Please Select Check-In Date</td>
<td></td>
<td>7</td>
<td>test.TC_004_SearchHotelTest@712625fd</td></tr>
<tr>
<td title='test.TC_005_BookHotelTest.BookHotelTest()'><b>BookHotelTest</b><br>Test class: test.TC_005_BookHotelTest<br>Parameters: Ezhil, Parivallal, 5A, RC Street, Tirupur Road, Dharapuram - 638656, 1234567890123450, VISA, May, 2030, 123, positive,  </td>
<td></td>
<td>19</td>
<td>test.TC_005_BookHotelTest@7bba5817</td></tr>
<tr>
<td title='test.TC_002_LoginTest.LoginTest()'><b>LoginTest</b><br>Test class: test.TC_002_LoginTest<br>Parameters: EzhilParivallal, Eli@179, negative_login, Invalid Login details or Your Password might have expired. </td>
<td></td>
<td>1</td>
<td>test.TC_002_LoginTest@cb0755b</td></tr>
<tr>
<td title='test.TC_005_BookHotelTest.BookHotelTest()'><b>BookHotelTest</b><br>Test class: test.TC_005_BookHotelTest<br>Parameters: Ezhil, Parivallal, 5A, RC Street, Tirupur Road, Dharapuram - 638656, 1234567890123450, VISA, May, 2030,  , negative_book, Please Enter your Credit Card CVV Number</td>
<td></td>
<td>14</td>
<td>test.TC_005_BookHotelTest@7bba5817</td></tr>
<tr>
<td title='test.TC_006_ChangePassTest.ChangePassTest()'><b>ChangePassTest</b><br>Test class: test.TC_006_ChangePassTest<br>Parameters: EzhilParivallal, Eli@123, Eli@123, Eli@1793, Eli@1234, negative, Your new password and confirmation password do not match.</td>
<td></td>
<td>6</td>
<td>test.TC_006_ChangePassTest@742ff096</td></tr>
<tr>
<td title='test.TC_001_SignUpTest.SignUpTest()'><b>SignUpTest</b><br>Test class: test.TC_001_SignUpTest<br>Parameters: MitraNaveen, Eli@1793, Eli@1793,  , ezhilparivallal1218@gmail.com, Yes, negative, Full Name is Empty</td>
<td></td>
<td>18</td>
<td>test.TC_001_SignUpTest@795509d9</td></tr>
<tr>
<td title='test.TC_005_BookHotelTest.BookHotelTest()'><b>BookHotelTest</b><br>Test class: test.TC_005_BookHotelTest<br>Parameters: Ezhil, Parivallal, 5A, RC Street, Tirupur Road, Dharapuram - 638656, 1234567890123450,  , May, 2030, 123, negative_book, Please Select your Credit Card Type</td>
<td></td>
<td>14</td>
<td>test.TC_005_BookHotelTest@7bba5817</td></tr>
<tr>
<td title='test.TC_002_LoginTest.LoginTest()'><b>LoginTest</b><br>Test class: test.TC_002_LoginTest<br>Parameters:   , Eli@1793, negative_login, Enter Username</td>
<td></td>
<td>0</td>
<td>test.TC_002_LoginTest@cb0755b</td></tr>
<tr>
<td title='test.TC_001_SignUpTest.SignUpTest()'><b>SignUpTest</b><br>Test class: test.TC_001_SignUpTest<br>Parameters: EzhilPariva1717, Eli@1793, Eli@1793, Ezhil Parivallal, ezhilparivallal1717@gmail.com, Yes, negative, Email address is already in use</td>
<td></td>
<td>20</td>
<td>test.TC_001_SignUpTest@795509d9</td></tr>
<tr>
<td title='test.TC_004_SearchHotelTest.SearchHotelTest()'><b>SearchHotelTest</b><br>Test class: test.TC_004_SearchHotelTest<br>Parameters: London, Hotel Creek, Standard,  , 26/12/2025, 27/12/2025, 2 - Two, 1 - One, negative, Please Select Total Number of Rooms</td>
<td></td>
<td>9</td>
<td>test.TC_004_SearchHotelTest@712625fd</td></tr>
<tr>
<td title='test.TC_001_SignUpTest.SignUpTest()'><b>SignUpTest</b><br>Test class: test.TC_001_SignUpTest<br>Parameters: MitraNaveen, Eli@1793, Eli@1793, Mitra Naveen, ezhilpari, Yes, negative, Invalid email, Please enter correct email.</td>
<td></td>
<td>19</td>
<td>test.TC_001_SignUpTest@795509d9</td></tr>
<tr>
<td title='test.TC_002_LoginTest.LoginTest()'><b>LoginTest</b><br>Test class: test.TC_002_LoginTest<br>Parameters: EzhilParivallal,   , negative_login, Enter Password</td>
<td></td>
<td>0</td>
<td>test.TC_002_LoginTest@cb0755b</td></tr>
<tr>
<td title='test.TC_004_SearchHotelTest.SearchHotelTest()'><b>SearchHotelTest</b><br>Test class: test.TC_004_SearchHotelTest<br>Parameters: London, Hotel Creek, Standard, 1 - One, 26/12/2025, 27/12/2025,  , 1 - One, negative, Please Select Adults per Room</td>
<td></td>
<td>9</td>
<td>test.TC_004_SearchHotelTest@712625fd</td></tr>
<tr>
<td title='test.TC_003_LogoutTest.ValidLogoutTest()'><b>ValidLogoutTest</b><br>Test class: test.TC_003_LogoutTest</td>
<td></td>
<td>3</td>
<td>test.TC_003_LogoutTest@33065d67</td></tr>
<tr>
<td title='test.TC_004_SearchHotelTest.SearchHotelTest()'><b>SearchHotelTest</b><br>Test class: test.TC_004_SearchHotelTest<br>Parameters: London, Hotel Creek, Standard, 1 - One, 26/12/2025, 27/12/2025, 2 - Two, 1 - One, positive,  </td>
<td></td>
<td>12</td>
<td>test.TC_004_SearchHotelTest@712625fd</td></tr>
<tr>
<td title='test.TC_001_SignUpTest.SignUpTest()'><b>SignUpTest</b><br>Test class: test.TC_001_SignUpTest<br>Parameters: MitraNaveen, Eli@1793, Eli@1793, Mitra Naveen,  , Yes, negative, Email Address is Empty</td>
<td></td>
<td>19</td>
<td>test.TC_001_SignUpTest@795509d9</td></tr>
<tr>
<td title='test.TC_001_SignUpTest.SignUpTest()'><b>SignUpTest</b><br>Test class: test.TC_001_SignUpTest<br>Parameters:  , Eli@1793, Eli@1793, Ezhil Parivallal, ezhilparivallal1217@gmail.com, Yes, negative, Username is Empty</td>
<td></td>
<td>19</td>
<td>test.TC_001_SignUpTest@795509d9</td></tr>
</table><p>
</body>
</html>