<!DOCTYPE html PUBLIC "-//W3C//DTD XHTML 1.1//EN" "https://www.w3.org/TR/xhtml11/DTD/xhtml11.dtd">
<html xmlns="https://www.w3.org/1999/xhtml">
<head>
<meta http-equiv="content-type" content="text/html; charset=UTF-8"/>
<title>TestNG Report</title>
<style type="text/css">table {margin-bottom:10px;border-collapse:collapse;empty-cells:show}th,td {border:1px solid #009;padding:.25em .5em}th {vertical-align:bottom}td {vertical-align:top}table a {font-weight:bold}.stripe td {background-color: #E6EBF9}.num {text-align:right}.passedodd td {background-color: #3F3}.passedeven td {background-color: #0A0}.skippedodd td {background-color: #DDD}.skippedeven td {background-color: #CCC}.failedodd td,.attn {background-color: #F33}.failedeven td,.stripe .attn {background-color: #D00}.stacktrace {white-space:pre;font-family:monospace}.totop {font-size:85%;text-align:center;border-bottom:2px solid #000}.invisible {display:none}</style>
</head>
<body>
<table>
<tr><th>Test</th><th># Passed</th><th># Skipped</th><th># Retried</th><th># Failed</th><th>Time (ms)</th><th>Included Groups</th><th>Excluded Groups</th></tr>
<tr><th colspan="8">Suite</th></tr>
<tr><td><a href="#t0">Test</a></td><td class="num">34</td><td class="num">0</td><td class="num">0</td><td class="num attn">4</td><td class="num">789,953</td><td></td><td></td></tr>
</table>
<table id='summary'><thead><tr><th>Class</th><th>Method</th><th>Start</th><th>Time (ms)</th></tr></thead><tbody><tr><th colspan="4">Suite</th></tr></tbody><tbody id="t0"><tr><th colspan="4">Test &#8212; failed</th></tr><tr class="failedeven"><td rowspan="1">test.TC_001_SignUpTest</td><td><a href="#m0">SignUpTest</a></td><td rowspan="1">1735506088438</td><td rowspan="1">36110</td></tr><tr class="failedodd"><td rowspan="3">test.TC_005_BookHotelTest</td><td><a href="#m1">BookHotelTest</a></td><td rowspan="3">1735506486366</td><td rowspan="3">30972</td></tr><tr class="failedodd"><td><a href="#m2">BookHotelTest</a></td></tr><tr class="failedodd"><td><a href="#m3">BookHotelTest</a></td></tr><tr><th colspan="4">Test &#8212; passed</th></tr><tr class="passedeven"><td rowspan="9">test.TC_001_SignUpTest</td><td><a href="#m4">SignUpTest</a></td><td rowspan="9">1735506156358</td><td rowspan="9">20158</td></tr><tr class="passedeven"><td><a href="#m5">SignUpTest</a></td></tr><tr class="passedeven"><td><a href="#m6">SignUpTest</a></td></tr><tr class="passedeven"><td><a href="#m7">SignUpTest</a></td></tr><tr class="passedeven"><td><a href="#m8">SignUpTest</a></td></tr><tr class="passedeven"><td><a href="#m9">SignUpTest</a></td></tr><tr class="passedeven"><td><a href="#m10">SignUpTest</a></td></tr><tr class="passedeven"><td><a href="#m11">SignUpTest</a></td></tr><tr class="passedeven"><td><a href="#m12">SignUpTest</a></td></tr><tr class="passedodd"><td rowspan="5">test.TC_002_LoginTest</td><td><a href="#m13">LoginTest</a></td><td rowspan="5">1735506294262</td><td rowspan="5">1613</td></tr><tr class="passedodd"><td><a href="#m14">LoginTest</a></td></tr><tr class="passedodd"><td><a href="#m15">LoginTest</a></td></tr><tr class="passedodd"><td><a href="#m16">LoginTest</a></td></tr><tr class="passedodd"><td><a href="#m17">LoginTest</a></td></tr><tr class="passedeven"><td rowspan="1">test.TC_003_LogoutTest</td><td><a href="#m18">ValidLogoutTest</a></td><td rowspan="1">1735506322011</td><td rowspan="1">3320</td></tr><tr class="passedodd"><td rowspan="8">test.TC_004_SearchHotelTest</td><td><a href="#m19">SearchHotelTest</a></td><td rowspan="8">1735506350777</td><td rowspan="8">10307</td></tr><tr class="passedodd"><td><a href="#m20">SearchHotelTest</a></td></tr><tr class="passedodd"><td><a href="#m21">SearchHotelTest</a></td></tr><tr class="passedodd"><td><a href="#m22">SearchHotelTest</a></td></tr><tr class="passedodd"><td><a href="#m23">SearchHotelTest</a></td></tr><tr class="passedodd"><td><a href="#m24">SearchHotelTest</a></td></tr><tr class="passedodd"><td><a href="#m25">SearchHotelTest</a></td></tr><tr class="passedodd"><td><a href="#m26">SearchHotelTest</a></td></tr><tr class="passedeven"><td rowspan="8">test.TC_005_BookHotelTest</td><td><a href="#m27">BookHotelTest</a></td><td rowspan="8">1735506597027</td><td rowspan="8">14477</td></tr><tr class="passedeven"><td><a href="#m28">BookHotelTest</a></td></tr><tr class="passedeven"><td><a href="#m29">BookHotelTest</a></td></tr><tr class="passedeven"><td><a href="#m30">BookHotelTest</a></td></tr><tr class="passedeven"><td><a href="#m31">BookHotelTest</a></td></tr><tr class="passedeven"><td><a href="#m32">BookHotelTest</a></td></tr><tr class="passedeven"><td><a href="#m33">BookHotelTest</a></td></tr><tr class="passedeven"><td><a href="#m34">BookHotelTest</a></td></tr><tr class="passedodd"><td rowspan="3">test.TC_006_ChangePassTest</td><td><a href="#m35">ChangePassTest</a></td><td rowspan="3">1735506761033</td><td rowspan="3">7777</td></tr><tr class="passedodd"><td><a href="#m36">ChangePassTest</a></td></tr><tr class="passedodd"><td><a href="#m37">ChangePassTest</a></td></tr></tbody>
</table>
<h2>Test</h2><h3 id="m0">test.TC_001_SignUpTest#SignUpTest</h3><table class="result"><tr class="param"><th>Parameter #1</th><th>Parameter #2</th><th>Parameter #3</th><th>Parameter #4</th><th>Parameter #5</th><th>Parameter #6</th><th>Parameter #7</th><th>Parameter #8</th></tr><tr class="param stripe"><td>EzhilParivallal</td><td>Eli@1793</td><td>Eli@1793</td><td>Mitra Naveen</td><td>ezhilparivallal1218@gmail.com</td><td>Yes</td><td>negative</td><td>This username is already available</td></tr><tr><th colspan="8">Exception</th></tr><tr><td colspan="8"><div class="stacktrace">org.openqa.selenium.NoSuchElementException: no such element: Unable to locate element: {&quot;method&quot;:&quot;xpath&quot;,&quot;selector&quot;:&quot;//label[text()=&apos;This username is already available&apos;]&quot;}
  (Session info: chrome=131.0.6778.205)
For documentation on this error, please visit: https://www.selenium.dev/documentation/webdriver/troubleshooting/errors#no-such-element-exception
Build info: version: &apos;4.25.0&apos;, revision: &apos;8a8aea2337&apos;
System info: os.name: &apos;Windows 11&apos;, os.arch: &apos;amd64&apos;, os.version: &apos;10.0&apos;, java.version: &apos;22.0.2&apos;
Driver info: org.openqa.selenium.chrome.ChromeDriver
Command: [4f6308b66467e0eff02d43384cb958e6, findElement {using=xpath, value=//label[text()=&apos;This username is already available&apos;]}]
Capabilities {acceptInsecureCerts: false, browserName: chrome, browserVersion: 131.0.6778.205, chrome: {chromedriverVersion: 131.0.6778.204 (52183f9e99a..., userDataDir: C:\Users\ezhil\AppData\Loca...}, fedcm:accounts: true, goog:chromeOptions: {debuggerAddress: localhost:64776}, networkConnectionEnabled: false, pageLoadStrategy: normal, platformName: windows, proxy: Proxy(), se:cdp: ws://localhost:64776/devtoo..., se:cdpVersion: 131.0.6778.205, setWindowRect: true, strictFileInteractability: false, timeouts: {implicit: 0, pageLoad: 300000, script: 30000}, unhandledPromptBehavior: dismiss and notify, webauthn:extension:credBlob: true, webauthn:extension:largeBlob: true, webauthn:extension:minPinLength: true, webauthn:extension:prf: true, webauthn:virtualAuthenticators: true}
Session ID: 4f6308b66467e0eff02d43384cb958e6
	at org.openqa.selenium.remote.ErrorCodec.decode(ErrorCodec.java:167)
	at org.openqa.selenium.remote.codec.w3c.W3CHttpResponseCodec.decode(W3CHttpResponseCodec.java:138)
	at org.openqa.selenium.remote.codec.w3c.W3CHttpResponseCodec.decode(W3CHttpResponseCodec.java:50)
	at org.openqa.selenium.remote.HttpCommandExecutor.execute(HttpCommandExecutor.java:190)
	at org.openqa.selenium.remote.service.DriverCommandExecutor.invokeExecute(DriverCommandExecutor.java:216)
	at org.openqa.selenium.remote.service.DriverCommandExecutor.execute(DriverCommandExecutor.java:174)
	at org.openqa.selenium.remote.RemoteWebDriver.execute(RemoteWebDriver.java:545)
	at org.openqa.selenium.remote.ElementLocation$ElementFinder$2.findElement(ElementLocation.java:165)
	at org.openqa.selenium.remote.ElementLocation.findElement(ElementLocation.java:59)
	at org.openqa.selenium.remote.RemoteWebDriver.findElement(RemoteWebDriver.java:368)
	at org.openqa.selenium.remote.RemoteWebDriver.findElement(RemoteWebDriver.java:362)
	at pages.RegisterPage.validateRegister(RegisterPage.java:76)
	at test.TC_001_SignUpTest.SignUpTest(TC_001_SignUpTest.java:34)
	at java.base/java.util.ArrayList.forEach(ArrayList.java:1597)
... Removed 28 stack frames</div></td></tr></table><p class="totop"><a href="#summary">back to summary</a></p>
<h3 id="m1">test.TC_005_BookHotelTest#BookHotelTest</h3><table class="result"><tr class="param"><th>Parameter #1</th><th>Parameter #2</th><th>Parameter #3</th><th>Parameter #4</th><th>Parameter #5</th><th>Parameter #6</th><th>Parameter #7</th><th>Parameter #8</th><th>Parameter #9</th><th>Parameter #10</th></tr><tr class="param stripe"><td> </td><td>Parivallal</td><td>5A, RC Street, Tirupur Road, Dharapuram - 638656</td><td>1234567890123450</td><td>VISA</td><td>May</td><td>2030</td><td>123</td><td>negative_book</td><td>Please Enter your First Name</td></tr><tr><th colspan="10">Exception</th></tr><tr><td colspan="10"><div class="stacktrace">org.openqa.selenium.NoSuchElementException: no such element: Unable to locate element: {&quot;method&quot;:&quot;xpath&quot;,&quot;selector&quot;:&quot;//label[text()=&apos;Please Enter your First Name&apos;]&quot;}
  (Session info: chrome=131.0.6778.205)
For documentation on this error, please visit: https://www.selenium.dev/documentation/webdriver/troubleshooting/errors#no-such-element-exception
Build info: version: &apos;4.25.0&apos;, revision: &apos;8a8aea2337&apos;
System info: os.name: &apos;Windows 11&apos;, os.arch: &apos;amd64&apos;, os.version: &apos;10.0&apos;, java.version: &apos;22.0.2&apos;
Driver info: org.openqa.selenium.chrome.ChromeDriver
Command: [923abf483da09aed4a441621f53a3a59, findElement {using=xpath, value=//label[text()=&apos;Please Enter your First Name&apos;]}]
Capabilities {acceptInsecureCerts: false, browserName: chrome, browserVersion: 131.0.6778.205, chrome: {chromedriverVersion: 131.0.6778.204 (52183f9e99a..., userDataDir: C:\Users\ezhil\AppData\Loca...}, fedcm:accounts: true, goog:chromeOptions: {debuggerAddress: localhost:65330}, networkConnectionEnabled: false, pageLoadStrategy: normal, platformName: windows, proxy: Proxy(), se:cdp: ws://localhost:65330/devtoo..., se:cdpVersion: 131.0.6778.205, setWindowRect: true, strictFileInteractability: false, timeouts: {implicit: 0, pageLoad: 300000, script: 30000}, unhandledPromptBehavior: dismiss and notify, webauthn:extension:credBlob: true, webauthn:extension:largeBlob: true, webauthn:extension:minPinLength: true, webauthn:extension:prf: true, webauthn:virtualAuthenticators: true}
Session ID: 923abf483da09aed4a441621f53a3a59
	at org.openqa.selenium.remote.ErrorCodec.decode(ErrorCodec.java:167)
	at org.openqa.selenium.remote.codec.w3c.W3CHttpResponseCodec.decode(W3CHttpResponseCodec.java:138)
	at org.openqa.selenium.remote.codec.w3c.W3CHttpResponseCodec.decode(W3CHttpResponseCodec.java:50)
	at org.openqa.selenium.remote.HttpCommandExecutor.execute(HttpCommandExecutor.java:190)
	at org.openqa.selenium.remote.service.DriverCommandExecutor.invokeExecute(DriverCommandExecutor.java:216)
	at org.openqa.selenium.remote.service.DriverCommandExecutor.execute(DriverCommandExecutor.java:174)
	at org.openqa.selenium.remote.RemoteWebDriver.execute(RemoteWebDriver.java:545)
	at org.openqa.selenium.remote.ElementLocation$ElementFinder$2.findElement(ElementLocation.java:165)
	at org.openqa.selenium.remote.ElementLocation.findElement(ElementLocation.java:59)
	at org.openqa.selenium.remote.RemoteWebDriver.findElement(RemoteWebDriver.java:368)
	at org.openqa.selenium.remote.RemoteWebDriver.findElement(RemoteWebDriver.java:362)
	at pages.BookHotelPage.bookNow(BookHotelPage.java:58)
	at test.TC_005_BookHotelTest.BookHotelTest(TC_005_BookHotelTest.java:64)
	at java.base/java.util.ArrayList.forEach(ArrayList.java:1597)
... Removed 28 stack frames</div></td></tr></table><p class="totop"><a href="#summary">back to summary</a></p>
<h3 id="m2">test.TC_005_BookHotelTest#BookHotelTest</h3><table class="result"><tr class="param"><th>Parameter #1</th><th>Parameter #2</th><th>Parameter #3</th><th>Parameter #4</th><th>Parameter #5</th><th>Parameter #6</th><th>Parameter #7</th><th>Parameter #8</th><th>Parameter #9</th><th>Parameter #10</th></tr><tr class="param stripe"><td>Ezhil</td><td>Parivallal</td><td> </td><td>1234567890123450</td><td>VISA</td><td>May</td><td>2030</td><td>123</td><td>negative_book</td><td>Please Enter your Address</td></tr><tr><th colspan="10">Exception</th></tr><tr><td colspan="10"><div class="stacktrace">org.openqa.selenium.NoSuchElementException: no such element: Unable to locate element: {&quot;method&quot;:&quot;xpath&quot;,&quot;selector&quot;:&quot;//label[text()=&apos;Please Enter your Address&apos;]&quot;}
  (Session info: chrome=131.0.6778.205)
For documentation on this error, please visit: https://www.selenium.dev/documentation/webdriver/troubleshooting/errors#no-such-element-exception
Build info: version: &apos;4.25.0&apos;, revision: &apos;8a8aea2337&apos;
System info: os.name: &apos;Windows 11&apos;, os.arch: &apos;amd64&apos;, os.version: &apos;10.0&apos;, java.version: &apos;22.0.2&apos;
Driver info: org.openqa.selenium.chrome.ChromeDriver
Command: [fe8ba6a28c8968babf4c1980c96c052e, findElement {using=xpath, value=//label[text()=&apos;Please Enter your Address&apos;]}]
Capabilities {acceptInsecureCerts: false, browserName: chrome, browserVersion: 131.0.6778.205, chrome: {chromedriverVersion: 131.0.6778.204 (52183f9e99a..., userDataDir: C:\Users\ezhil\AppData\Loca...}, fedcm:accounts: true, goog:chromeOptions: {debuggerAddress: localhost:65384}, networkConnectionEnabled: false, pageLoadStrategy: normal, platformName: windows, proxy: Proxy(), se:cdp: ws://localhost:65384/devtoo..., se:cdpVersion: 131.0.6778.205, setWindowRect: true, strictFileInteractability: false, timeouts: {implicit: 0, pageLoad: 300000, script: 30000}, unhandledPromptBehavior: dismiss and notify, webauthn:extension:credBlob: true, webauthn:extension:largeBlob: true, webauthn:extension:minPinLength: true, webauthn:extension:prf: true, webauthn:virtualAuthenticators: true}
Session ID: fe8ba6a28c8968babf4c1980c96c052e
	at org.openqa.selenium.remote.ErrorCodec.decode(ErrorCodec.java:167)
	at org.openqa.selenium.remote.codec.w3c.W3CHttpResponseCodec.decode(W3CHttpResponseCodec.java:138)
	at org.openqa.selenium.remote.codec.w3c.W3CHttpResponseCodec.decode(W3CHttpResponseCodec.java:50)
	at org.openqa.selenium.remote.HttpCommandExecutor.execute(HttpCommandExecutor.java:190)
	at org.openqa.selenium.remote.service.DriverCommandExecutor.invokeExecute(DriverCommandExecutor.java:216)
	at org.openqa.selenium.remote.service.DriverCommandExecutor.execute(DriverCommandExecutor.java:174)
	at org.openqa.selenium.remote.RemoteWebDriver.execute(RemoteWebDriver.java:545)
	at org.openqa.selenium.remote.ElementLocation$ElementFinder$2.findElement(ElementLocation.java:165)
	at org.openqa.selenium.remote.ElementLocation.findElement(ElementLocation.java:59)
	at org.openqa.selenium.remote.RemoteWebDriver.findElement(RemoteWebDriver.java:368)
	at org.openqa.selenium.remote.RemoteWebDriver.findElement(RemoteWebDriver.java:362)
	at pages.BookHotelPage.bookNow(BookHotelPage.java:58)
	at test.TC_005_BookHotelTest.BookHotelTest(TC_005_BookHotelTest.java:64)
	at java.base/java.util.ArrayList.forEach(ArrayList.java:1597)
... Removed 28 stack frames</div></td></tr></table><p class="totop"><a href="#summary">back to summary</a></p>
<h3 id="m3">test.TC_005_BookHotelTest#BookHotelTest</h3><table class="result"><tr class="param"><th>Parameter #1</th><th>Parameter #2</th><th>Parameter #3</th><th>Parameter #4</th><th>Parameter #5</th><th>Parameter #6</th><th>Parameter #7</th><th>Parameter #8</th><th>Parameter #9</th><th>Parameter #10</th></tr><tr class="param stripe"><td>Ezhil</td><td> </td><td>5A, RC Street, Tirupur Road, Dharapuram - 638656</td><td>1234567890123450</td><td>VISA</td><td>May</td><td>2030</td><td>123</td><td>negative_book</td><td>Please Enter your Last Name</td></tr><tr><th colspan="10">Exception</th></tr><tr><td colspan="10"><div class="stacktrace">org.openqa.selenium.NoSuchElementException: no such element: Unable to locate element: {&quot;method&quot;:&quot;xpath&quot;,&quot;selector&quot;:&quot;//label[text()=&apos;Please Enter your Last Name&apos;]&quot;}
  (Session info: chrome=131.0.6778.205)
For documentation on this error, please visit: https://www.selenium.dev/documentation/webdriver/troubleshooting/errors#no-such-element-exception
Build info: version: &apos;4.25.0&apos;, revision: &apos;8a8aea2337&apos;
System info: os.name: &apos;Windows 11&apos;, os.arch: &apos;amd64&apos;, os.version: &apos;10.0&apos;, java.version: &apos;22.0.2&apos;
Driver info: org.openqa.selenium.chrome.ChromeDriver
Command: [6af132e773812ed5684de8bcffb8f4bb, findElement {using=xpath, value=//label[text()=&apos;Please Enter your Last Name&apos;]}]
Capabilities {acceptInsecureCerts: false, browserName: chrome, browserVersion: 131.0.6778.205, chrome: {chromedriverVersion: 131.0.6778.204 (52183f9e99a..., userDataDir: C:\Users\ezhil\AppData\Loca...}, fedcm:accounts: true, goog:chromeOptions: {debuggerAddress: localhost:65357}, networkConnectionEnabled: false, pageLoadStrategy: normal, platformName: windows, proxy: Proxy(), se:cdp: ws://localhost:65357/devtoo..., se:cdpVersion: 131.0.6778.205, setWindowRect: true, strictFileInteractability: false, timeouts: {implicit: 0, pageLoad: 300000, script: 30000}, unhandledPromptBehavior: dismiss and notify, webauthn:extension:credBlob: true, webauthn:extension:largeBlob: true, webauthn:extension:minPinLength: true, webauthn:extension:prf: true, webauthn:virtualAuthenticators: true}
Session ID: 6af132e773812ed5684de8bcffb8f4bb
	at org.openqa.selenium.remote.ErrorCodec.decode(ErrorCodec.java:167)
	at org.openqa.selenium.remote.codec.w3c.W3CHttpResponseCodec.decode(W3CHttpResponseCodec.java:138)
	at org.openqa.selenium.remote.codec.w3c.W3CHttpResponseCodec.decode(W3CHttpResponseCodec.java:50)
	at org.openqa.selenium.remote.HttpCommandExecutor.execute(HttpCommandExecutor.java:190)
	at org.openqa.selenium.remote.service.DriverCommandExecutor.invokeExecute(DriverCommandExecutor.java:216)
	at org.openqa.selenium.remote.service.DriverCommandExecutor.execute(DriverCommandExecutor.java:174)
	at org.openqa.selenium.remote.RemoteWebDriver.execute(RemoteWebDriver.java:545)
	at org.openqa.selenium.remote.ElementLocation$ElementFinder$2.findElement(ElementLocation.java:165)
	at org.openqa.selenium.remote.ElementLocation.findElement(ElementLocation.java:59)
	at org.openqa.selenium.remote.RemoteWebDriver.findElement(RemoteWebDriver.java:368)
	at org.openqa.selenium.remote.RemoteWebDriver.findElement(RemoteWebDriver.java:362)
	at pages.BookHotelPage.bookNow(BookHotelPage.java:58)
	at test.TC_005_BookHotelTest.BookHotelTest(TC_005_BookHotelTest.java:64)
	at java.base/java.util.ArrayList.forEach(ArrayList.java:1597)
... Removed 28 stack frames</div></td></tr></table><p class="totop"><a href="#summary">back to summary</a></p>
<h3 id="m4">test.TC_001_SignUpTest#SignUpTest</h3><table class="result"><tr class="param"><th>Parameter #1</th><th>Parameter #2</th><th>Parameter #3</th><th>Parameter #4</th><th>Parameter #5</th><th>Parameter #6</th><th>Parameter #7</th><th>Parameter #8</th></tr><tr class="param stripe"><td>MitraNaveen</td><td>Eli@1793</td><td> </td><td>Mitra Naveen</td><td>ezhilparivallal1218@gmail.com</td><td>Yes</td><td>negative</td><td>Confirm Password is Empty</td></tr></table><p class="totop"><a href="#summary">back to summary</a></p>
<h3 id="m5">test.TC_001_SignUpTest#SignUpTest</h3><table class="result"><tr class="param"><th>Parameter #1</th><th>Parameter #2</th><th>Parameter #3</th><th>Parameter #4</th><th>Parameter #5</th><th>Parameter #6</th><th>Parameter #7</th><th>Parameter #8</th></tr><tr class="param stripe"><td>EzhilNaveen173</td><td>Eli@1793</td><td>Eli@1793</td><td>Ezhil Parivallal</td><td>ezhilpari179318@gmail.com</td><td>Yes</td><td>positive</td><td> </td></tr></table><p class="totop"><a href="#summary">back to summary</a></p>
<h3 id="m6">test.TC_001_SignUpTest#SignUpTest</h3><table class="result"><tr class="param"><th>Parameter #1</th><th>Parameter #2</th><th>Parameter #3</th><th>Parameter #4</th><th>Parameter #5</th><th>Parameter #6</th><th>Parameter #7</th><th>Parameter #8</th></tr><tr class="param stripe"><td>MitraNaveen</td><td> </td><td>Eli@1793</td><td>Mitra Naveen</td><td>ezhilparivallal1218@gmail.com</td><td>Yes</td><td>negative</td><td>Password is Empty</td></tr></table><p class="totop"><a href="#summary">back to summary</a></p>
<h3 id="m7">test.TC_001_SignUpTest#SignUpTest</h3><table class="result"><tr class="param"><th>Parameter #1</th><th>Parameter #2</th><th>Parameter #3</th><th>Parameter #4</th><th>Parameter #5</th><th>Parameter #6</th><th>Parameter #7</th><th>Parameter #8</th></tr><tr class="param stripe"><td>MitraNaveen</td><td>Eli@1793</td><td>Eli@1793</td><td>Mitra Naveen</td><td>ezhilparivallal1218@gmail.com</td><td>No</td><td>negative</td><td>You must agree to Terms and Conditions</td></tr></table><p class="totop"><a href="#summary">back to summary</a></p>
<h3 id="m8">test.TC_001_SignUpTest#SignUpTest</h3><table class="result"><tr class="param"><th>Parameter #1</th><th>Parameter #2</th><th>Parameter #3</th><th>Parameter #4</th><th>Parameter #5</th><th>Parameter #6</th><th>Parameter #7</th><th>Parameter #8</th></tr><tr class="param stripe"><td>MitraNaveen</td><td>Eli@1793</td><td>Eli@1793</td><td> </td><td>ezhilparivallal1218@gmail.com</td><td>Yes</td><td>negative</td><td>Full Name is Empty</td></tr></table><p class="totop"><a href="#summary">back to summary</a></p>
<h3 id="m9">test.TC_001_SignUpTest#SignUpTest</h3><table class="result"><tr class="param"><th>Parameter #1</th><th>Parameter #2</th><th>Parameter #3</th><th>Parameter #4</th><th>Parameter #5</th><th>Parameter #6</th><th>Parameter #7</th><th>Parameter #8</th></tr><tr class="param stripe"><td>EzhilPariva1717</td><td>Eli@1793</td><td>Eli@1793</td><td>Ezhil Parivallal</td><td>ezhilparivallal1717@gmail.com</td><td>Yes</td><td>negative</td><td>Email address is already in use</td></tr></table><p class="totop"><a href="#summary">back to summary</a></p>
<h3 id="m10">test.TC_001_SignUpTest#SignUpTest</h3><table class="result"><tr class="param"><th>Parameter #1</th><th>Parameter #2</th><th>Parameter #3</th><th>Parameter #4</th><th>Parameter #5</th><th>Parameter #6</th><th>Parameter #7</th><th>Parameter #8</th></tr><tr class="param stripe"><td>MitraNaveen</td><td>Eli@1793</td><td>Eli@1793</td><td>Mitra Naveen</td><td>ezhilpari</td><td>Yes</td><td>negative</td><td>Invalid email, Please enter correct email.</td></tr></table><p class="totop"><a href="#summary">back to summary</a></p>
<h3 id="m11">test.TC_001_SignUpTest#SignUpTest</h3><table class="result"><tr class="param"><th>Parameter #1</th><th>Parameter #2</th><th>Parameter #3</th><th>Parameter #4</th><th>Parameter #5</th><th>Parameter #6</th><th>Parameter #7</th><th>Parameter #8</th></tr><tr class="param stripe"><td>MitraNaveen</td><td>Eli@1793</td><td>Eli@1793</td><td>Mitra Naveen</td><td> </td><td>Yes</td><td>negative</td><td>Email Address is Empty</td></tr></table><p class="totop"><a href="#summary">back to summary</a></p>
<h3 id="m12">test.TC_001_SignUpTest#SignUpTest</h3><table class="result"><tr class="param"><th>Parameter #1</th><th>Parameter #2</th><th>Parameter #3</th><th>Parameter #4</th><th>Parameter #5</th><th>Parameter #6</th><th>Parameter #7</th><th>Parameter #8</th></tr><tr class="param stripe"><td> </td><td>Eli@1793</td><td>Eli@1793</td><td>Ezhil Parivallal</td><td>ezhilparivallal1217@gmail.com</td><td>Yes</td><td>negative</td><td>Username is Empty</td></tr></table><p class="totop"><a href="#summary">back to summary</a></p>
<h3 id="m13">test.TC_002_LoginTest#LoginTest</h3><table class="result"><tr class="param"><th>Parameter #1</th><th>Parameter #2</th><th>Parameter #3</th><th>Parameter #4</th></tr><tr class="param stripe"><td>EzhilParivall</td><td>Eli@1793</td><td>negative_login</td><td>Invalid Login details or Your Password might have expired. </td></tr></table><p class="totop"><a href="#summary">back to summary</a></p>
<h3 id="m14">test.TC_002_LoginTest#LoginTest</h3><table class="result"><tr class="param"><th>Parameter #1</th><th>Parameter #2</th><th>Parameter #3</th><th>Parameter #4</th></tr><tr class="param stripe"><td>EzhilParivallal</td><td>Eli@1793</td><td>positive</td><td> </td></tr></table><p class="totop"><a href="#summary">back to summary</a></p>
<h3 id="m15">test.TC_002_LoginTest#LoginTest</h3><table class="result"><tr class="param"><th>Parameter #1</th><th>Parameter #2</th><th>Parameter #3</th><th>Parameter #4</th></tr><tr class="param stripe"><td>EzhilParivallal</td><td>Eli@179</td><td>negative_login</td><td>Invalid Login details or Your Password might have expired. </td></tr></table><p class="totop"><a href="#summary">back to summary</a></p>
<h3 id="m16">test.TC_002_LoginTest#LoginTest</h3><table class="result"><tr class="param"><th>Parameter #1</th><th>Parameter #2</th><th>Parameter #3</th><th>Parameter #4</th></tr><tr class="param stripe"><td>  </td><td>Eli@1793</td><td>negative_login</td><td>Enter Username</td></tr></table><p class="totop"><a href="#summary">back to summary</a></p>
<h3 id="m17">test.TC_002_LoginTest#LoginTest</h3><table class="result"><tr class="param"><th>Parameter #1</th><th>Parameter #2</th><th>Parameter #3</th><th>Parameter #4</th></tr><tr class="param stripe"><td>EzhilParivallal</td><td>  </td><td>negative_login</td><td>Enter Password</td></tr></table><p class="totop"><a href="#summary">back to summary</a></p>
<h3 id="m18">test.TC_003_LogoutTest#ValidLogoutTest</h3><table class="result"><tr><th class="invisible"/></tr></table><p class="totop"><a href="#summary">back to summary</a></p>
<h3 id="m19">test.TC_004_SearchHotelTest#SearchHotelTest</h3><table class="result"><tr class="param"><th>Parameter #1</th><th>Parameter #2</th><th>Parameter #3</th><th>Parameter #4</th><th>Parameter #5</th><th>Parameter #6</th><th>Parameter #7</th><th>Parameter #8</th><th>Parameter #9</th><th>Parameter #10</th></tr><tr class="param stripe"><td>London</td><td> </td><td> </td><td>1 - One</td><td>26/12/2025</td><td>27/12/2025</td><td>2 - Two</td><td> </td><td>positive</td><td> </td></tr></table><p class="totop"><a href="#summary">back to summary</a></p>
<h3 id="m20">test.TC_004_SearchHotelTest#SearchHotelTest</h3><table class="result"><tr class="param"><th>Parameter #1</th><th>Parameter #2</th><th>Parameter #3</th><th>Parameter #4</th><th>Parameter #5</th><th>Parameter #6</th><th>Parameter #7</th><th>Parameter #8</th><th>Parameter #9</th><th>Parameter #10</th></tr><tr class="param stripe"><td>London</td><td>Hotel Creek</td><td>Standard</td><td>1 - One</td><td>26/12/2025</td><td> </td><td>2 - Two</td><td>1 - One</td><td>negative</td><td>Please Select Check-Out Date</td></tr></table><p class="totop"><a href="#summary">back to summary</a></p>
<h3 id="m21">test.TC_004_SearchHotelTest#SearchHotelTest</h3><table class="result"><tr class="param"><th>Parameter #1</th><th>Parameter #2</th><th>Parameter #3</th><th>Parameter #4</th><th>Parameter #5</th><th>Parameter #6</th><th>Parameter #7</th><th>Parameter #8</th><th>Parameter #9</th><th>Parameter #10</th></tr><tr class="param stripe"><td> </td><td>Hotel Creek</td><td>Standard</td><td>1 - One</td><td>26/12/2025</td><td>27/12/2025</td><td>2 - Two</td><td>1 - One</td><td>negative</td><td>Please Select a Location</td></tr></table><p class="totop"><a href="#summary">back to summary</a></p>
<h3 id="m22">test.TC_004_SearchHotelTest#SearchHotelTest</h3><table class="result"><tr class="param"><th>Parameter #1</th><th>Parameter #2</th><th>Parameter #3</th><th>Parameter #4</th><th>Parameter #5</th><th>Parameter #6</th><th>Parameter #7</th><th>Parameter #8</th><th>Parameter #9</th><th>Parameter #10</th></tr><tr class="param stripe"><td>London</td><td>Hotel Creek</td><td>Standard</td><td>1 - One</td><td>26/12/2025</td><td>27/12/2025</td><td>2 - Two</td><td>1 - One</td><td>positive</td><td> </td></tr></table><p class="totop"><a href="#summary">back to summary</a></p>
<h3 id="m23">test.TC_004_SearchHotelTest#SearchHotelTest</h3><table class="result"><tr class="param"><th>Parameter #1</th><th>Parameter #2</th><th>Parameter #3</th><th>Parameter #4</th><th>Parameter #5</th><th>Parameter #6</th><th>Parameter #7</th><th>Parameter #8</th><th>Parameter #9</th><th>Parameter #10</th></tr><tr class="param stripe"><td>London</td><td>Hotel Creek</td><td>Standard</td><td>1 - One</td><td> </td><td>27/12/2025</td><td>2 - Two</td><td>1 - One</td><td>negative</td><td>Please Select Check-In Date</td></tr></table><p class="totop"><a href="#summary">back to summary</a></p>
<h3 id="m24">test.TC_004_SearchHotelTest#SearchHotelTest</h3><table class="result"><tr class="param"><th>Parameter #1</th><th>Parameter #2</th><th>Parameter #3</th><th>Parameter #4</th><th>Parameter #5</th><th>Parameter #6</th><th>Parameter #7</th><th>Parameter #8</th><th>Parameter #9</th><th>Parameter #10</th></tr><tr class="param stripe"><td>London</td><td>Hotel Creek</td><td>Standard</td><td> </td><td>26/12/2025</td><td>27/12/2025</td><td>2 - Two</td><td>1 - One</td><td>negative</td><td>Please Select Total Number of Rooms</td></tr></table><p class="totop"><a href="#summary">back to summary</a></p>
<h3 id="m25">test.TC_004_SearchHotelTest#SearchHotelTest</h3><table class="result"><tr class="param"><th>Parameter #1</th><th>Parameter #2</th><th>Parameter #3</th><th>Parameter #4</th><th>Parameter #5</th><th>Parameter #6</th><th>Parameter #7</th><th>Parameter #8</th><th>Parameter #9</th><th>Parameter #10</th></tr><tr class="param stripe"><td>London</td><td>Hotel Creek</td><td>Standard</td><td>1 - One</td><td>26/12/2025</td><td>27/12/2025</td><td> </td><td>1 - One</td><td>negative</td><td>Please Select Adults per Room</td></tr></table><p class="totop"><a href="#summary">back to summary</a></p>
<h3 id="m26">test.TC_004_SearchHotelTest#SearchHotelTest</h3><table class="result"><tr class="param"><th>Parameter #1</th><th>Parameter #2</th><th>Parameter #3</th><th>Parameter #4</th><th>Parameter #5</th><th>Parameter #6</th><th>Parameter #7</th><th>Parameter #8</th><th>Parameter #9</th><th>Parameter #10</th></tr><tr class="param stripe"><td>London</td><td>Hotel Creek</td><td>Standard</td><td>1 - One</td><td>26/12/2025</td><td>27/12/2025</td><td>2 - Two</td><td>1 - One</td><td>positive</td><td> </td></tr></table><p class="totop"><a href="#summary">back to summary</a></p>
<h3 id="m27">test.TC_005_BookHotelTest#BookHotelTest</h3><table class="result"><tr class="param"><th>Parameter #1</th><th>Parameter #2</th><th>Parameter #3</th><th>Parameter #4</th><th>Parameter #5</th><th>Parameter #6</th><th>Parameter #7</th><th>Parameter #8</th><th>Parameter #9</th><th>Parameter #10</th></tr><tr class="param stripe"><td>Ezhil</td><td>Parivallal</td><td>5A, RC Street, Tirupur Road, Dharapuram - 638656</td><td> </td><td>VISA</td><td>May</td><td>2030</td><td>123</td><td>negative_book</td><td>Please Enter your 16 Digit Credit Card Number</td></tr></table><p class="totop"><a href="#summary">back to summary</a></p>
<h3 id="m28">test.TC_005_BookHotelTest#BookHotelTest</h3><table class="result"><tr class="param"><th>Parameter #1</th><th>Parameter #2</th><th>Parameter #3</th><th>Parameter #4</th><th>Parameter #5</th><th>Parameter #6</th><th>Parameter #7</th><th>Parameter #8</th><th>Parameter #9</th><th>Parameter #10</th></tr><tr class="param stripe"><td>Ezhil</td><td>Parivallal</td><td>5A, RC Street, Tirupur Road, Dharapuram - 638656</td><td>123456789012345</td><td>VISA</td><td>May</td><td>2030</td><td>123</td><td>negative_book</td><td>Please Enter your 16 Digit Credit Card Number</td></tr></table><p class="totop"><a href="#summary">back to summary</a></p>
<h3 id="m29">test.TC_005_BookHotelTest#BookHotelTest</h3><table class="result"><tr class="param"><th>Parameter #1</th><th>Parameter #2</th><th>Parameter #3</th><th>Parameter #4</th><th>Parameter #5</th><th>Parameter #6</th><th>Parameter #7</th><th>Parameter #8</th><th>Parameter #9</th><th>Parameter #10</th></tr><tr class="param stripe"><td>Ezhil</td><td>Parivallal</td><td>5A, RC Street, Tirupur Road, Dharapuram - 638656</td><td>1234567890123450</td><td>VISA</td><td> </td><td> </td><td>123</td><td>negative_book</td><td>Please Select your Credit Card Expiry Month</td></tr></table><p class="totop"><a href="#summary">back to summary</a></p>
<h3 id="m30">test.TC_005_BookHotelTest#BookHotelTest</h3><table class="result"><tr class="param"><th>Parameter #1</th><th>Parameter #2</th><th>Parameter #3</th><th>Parameter #4</th><th>Parameter #5</th><th>Parameter #6</th><th>Parameter #7</th><th>Parameter #8</th><th>Parameter #9</th><th>Parameter #10</th></tr><tr class="param stripe"><td>Ezhil</td><td>Parivallal</td><td>5A, RC Street, Tirupur Road, Dharapuram - 638656</td><td>1234567890123450</td><td>VISA</td><td>May</td><td> </td><td>123</td><td>negative_book</td><td>Please Select your Credit Card Expiry Year</td></tr></table><p class="totop"><a href="#summary">back to summary</a></p>
<h3 id="m31">test.TC_005_BookHotelTest#BookHotelTest</h3><table class="result"><tr class="param"><th>Parameter #1</th><th>Parameter #2</th><th>Parameter #3</th><th>Parameter #4</th><th>Parameter #5</th><th>Parameter #6</th><th>Parameter #7</th><th>Parameter #8</th><th>Parameter #9</th><th>Parameter #10</th></tr><tr class="param stripe"><td>Ezhil</td><td>Parivallal</td><td>5A, RC Street, Tirupur Road, Dharapuram - 638656</td><td>1234567890123450</td><td>VISA</td><td> </td><td>2030</td><td>123</td><td>negative_book</td><td>Please Select your Credit Card Expiry Month</td></tr></table><p class="totop"><a href="#summary">back to summary</a></p>
<h3 id="m32">test.TC_005_BookHotelTest#BookHotelTest</h3><table class="result"><tr class="param"><th>Parameter #1</th><th>Parameter #2</th><th>Parameter #3</th><th>Parameter #4</th><th>Parameter #5</th><th>Parameter #6</th><th>Parameter #7</th><th>Parameter #8</th><th>Parameter #9</th><th>Parameter #10</th></tr><tr class="param stripe"><td>Ezhil</td><td>Parivallal</td><td>5A, RC Street, Tirupur Road, Dharapuram - 638656</td><td>1234567890123450</td><td>VISA</td><td>May</td><td>2030</td><td>123</td><td>positive</td><td> </td></tr></table><p class="totop"><a href="#summary">back to summary</a></p>
<h3 id="m33">test.TC_005_BookHotelTest#BookHotelTest</h3><table class="result"><tr class="param"><th>Parameter #1</th><th>Parameter #2</th><th>Parameter #3</th><th>Parameter #4</th><th>Parameter #5</th><th>Parameter #6</th><th>Parameter #7</th><th>Parameter #8</th><th>Parameter #9</th><th>Parameter #10</th></tr><tr class="param stripe"><td>Ezhil</td><td>Parivallal</td><td>5A, RC Street, Tirupur Road, Dharapuram - 638656</td><td>1234567890123450</td><td>VISA</td><td>May</td><td>2030</td><td> </td><td>negative_book</td><td>Please Enter your Credit Card CVV Number</td></tr></table><p class="totop"><a href="#summary">back to summary</a></p>
<h3 id="m34">test.TC_005_BookHotelTest#BookHotelTest</h3><table class="result"><tr class="param"><th>Parameter #1</th><th>Parameter #2</th><th>Parameter #3</th><th>Parameter #4</th><th>Parameter #5</th><th>Parameter #6</th><th>Parameter #7</th><th>Parameter #8</th><th>Parameter #9</th><th>Parameter #10</th></tr><tr class="param stripe"><td>Ezhil</td><td>Parivallal</td><td>5A, RC Street, Tirupur Road, Dharapuram - 638656</td><td>1234567890123450</td><td> </td><td>May</td><td>2030</td><td>123</td><td>negative_book</td><td>Please Select your Credit Card Type</td></tr></table><p class="totop"><a href="#summary">back to summary</a></p>
<h3 id="m35">test.TC_006_ChangePassTest#ChangePassTest</h3><table class="result"><tr class="param"><th>Parameter #1</th><th>Parameter #2</th><th>Parameter #3</th><th>Parameter #4</th><th>Parameter #5</th><th>Parameter #6</th><th>Parameter #7</th></tr><tr class="param stripe"><td>EzhilParivallal</td><td>Eli@123</td><td>Eli@179</td><td>Eli@123</td><td>Eli@123</td><td>negative</td><td>Please enter correct current password!!!</td></tr></table><p class="totop"><a href="#summary">back to summary</a></p>
<h3 id="m36">test.TC_006_ChangePassTest#ChangePassTest</h3><table class="result"><tr class="param"><th>Parameter #1</th><th>Parameter #2</th><th>Parameter #3</th><th>Parameter #4</th><th>Parameter #5</th><th>Parameter #6</th><th>Parameter #7</th></tr><tr class="param stripe"><td>EzhilParivallal</td><td>Eli@1793</td><td>Eli@1793</td><td>Eli@123</td><td>Eli@123</td><td>positive</td><td> </td></tr></table><p class="totop"><a href="#summary">back to summary</a></p>
<h3 id="m37">test.TC_006_ChangePassTest#ChangePassTest</h3><table class="result"><tr class="param"><th>Parameter #1</th><th>Parameter #2</th><th>Parameter #3</th><th>Parameter #4</th><th>Parameter #5</th><th>Parameter #6</th><th>Parameter #7</th></tr><tr class="param stripe"><td>EzhilParivallal</td><td>Eli@123</td><td>Eli@123</td><td>Eli@1793</td><td>Eli@1234</td><td>negative</td><td>Your new password and confirmation password do not match.</td></tr></table><p class="totop"><a href="#summary">back to summary</a></p>
</body>
</html>
